<?xml version="1.0" encoding="UTF-8"?>
<!-- Generated by org.testng.reporters.JUnitXMLReporter -->
<testsuite ignored="0" hostname="DESKTOP-F9MAKCS" failures="2" tests="2" name="Default test" time="0.341" errors="0" timestamp="2021-08-26T21:02:18 IST">
  <testcase classname="StepDefinition.parallelRunner" name="feature" time="0.153">
    <failure type="java.lang.NullPointerException" message="Cannot invoke &amp;quot;com.aventstack.extentreports.ExtentTest.fail(com.aventstack.extentreports.markuputils.Markup)&amp;quot; because &amp;quot;extenttest&amp;quot; is null">
      <![CDATA[java.lang.NullPointerException: Cannot invoke "com.aventstack.extentreports.ExtentTest.fail(com.aventstack.extentreports.markuputils.Markup)" because "extenttest" is null
at Listeners.ExtentReportListener.testStepHandle(ExtentReportListener.java:50)
at StepDefinition.SauceDemoAutomation.hit_the_compact_identity_url(SauceDemoAutomation.java:47)
at ✽.hit the www.saucedemo.com url(src/StepDefinition/Cid_Login.feature:4)
]]>
    </failure>
  </testcase> <!-- feature -->
  <testcase classname="StepDefinition.parallelRunner" name="feature" time="0.154">
    <failure type="java.lang.NullPointerException" message="Cannot invoke &amp;quot;com.aventstack.extentreports.ExtentTest.fail(com.aventstack.extentreports.markuputils.Markup)&amp;quot; because &amp;quot;extenttest&amp;quot; is null">
      <![CDATA[java.lang.NullPointerException: Cannot invoke "com.aventstack.extentreports.ExtentTest.fail(com.aventstack.extentreports.markuputils.Markup)" because "extenttest" is null
at Listeners.ExtentReportListener.testStepHandle(ExtentReportListener.java:50)
at StepDefinition.SauceDemoAutomation.hit_the_compact_identity_url(SauceDemoAutomation.java:47)
at ✽.hit the www.saucedemo.com url(src/StepDefinition/Cid_Login.feature:20)
]]>
    </failure>
  </testcase> <!-- feature -->
</testsuite> <!-- Default test -->
